[2017-08-14 10:48:35.426] [ERROR] E:\sass\saas-front-core\Client\logs - 2017-8-14 10:48:35 uncaughtException: connect ETIMEDOUT 59.110.91.170:80
[2017-08-14 10:48:35.433] [ERROR] E:\sass\saas-front-core\Client\logs - Error: connect ETIMEDOUT 59.110.91.170:80
    at Object.exports._errnoException (util.js:1020:11)
    at exports._exceptionWithHostPort (util.js:1043:20)
    at TCPConnectWrap.afterConnect [as oncomplete] (net.js:1086:14)
[2017-08-14 10:48:35.436] [ERROR] E:\sass\saas-front-core\Client\logs - 2017-8-14 10:48:35 uncaughtException: socket hang up
[2017-08-14 10:48:35.438] [ERROR] E:\sass\saas-front-core\Client\logs - Error: socket hang up
    at createHangUpError (_http_client.js:254:15)
    at Socket.socketCloseListener (_http_client.js:286:23)
    at emitOne (events.js:101:20)
    at Socket.emit (events.js:188:7)
    at TCP._handle.close [as _onclose] (net.js:497:12)
[2017-08-14 10:48:35.708] [ERROR] E:\sass\saas-front-core\Client\logs - 2017-8-14 10:48:35 uncaughtException: connect ETIMEDOUT 47.93.167.86:80
[2017-08-14 10:48:35.709] [ERROR] E:\sass\saas-front-core\Client\logs - Error: connect ETIMEDOUT 47.93.167.86:80
    at Object.exports._errnoException (util.js:1020:11)
    at exports._exceptionWithHostPort (util.js:1043:20)
    at TCPConnectWrap.afterConnect [as oncomplete] (net.js:1086:14)
[2017-08-14 10:48:35.710] [ERROR] E:\sass\saas-front-core\Client\logs - 2017-8-14 10:48:35 uncaughtException: socket hang up
[2017-08-14 10:48:35.711] [ERROR] E:\sass\saas-front-core\Client\logs - Error: socket hang up
    at createHangUpError (_http_client.js:254:15)
    at Socket.socketCloseListener (_http_client.js:286:23)
    at emitOne (events.js:101:20)
    at Socket.emit (events.js:188:7)
    at TCP._handle.close [as _onclose] (net.js:497:12)
[2017-08-14 10:48:35.712] [ERROR] E:\sass\saas-front-core\Client\logs - 2017-8-14 10:48:35 uncaughtException: connect ETIMEDOUT 47.93.167.86:80
[2017-08-14 10:48:35.712] [ERROR] E:\sass\saas-front-core\Client\logs - Error: connect ETIMEDOUT 47.93.167.86:80
    at Object.exports._errnoException (util.js:1020:11)
    at exports._exceptionWithHostPort (util.js:1043:20)
    at TCPConnectWrap.afterConnect [as oncomplete] (net.js:1086:14)
[2017-08-14 10:48:35.713] [ERROR] E:\sass\saas-front-core\Client\logs - 2017-8-14 10:48:35 uncaughtException: socket hang up
[2017-08-14 10:48:35.714] [ERROR] E:\sass\saas-front-core\Client\logs - Error: socket hang up
    at createHangUpError (_http_client.js:254:15)
    at Socket.socketCloseListener (_http_client.js:286:23)
    at emitOne (events.js:101:20)
    at Socket.emit (events.js:188:7)
    at TCP._handle.close [as _onclose] (net.js:497:12)
[2017-08-14 10:48:56.548] [ERROR] E:\sass\saas-front-core\Client\logs - 2017-8-14 10:48:56 uncaughtException: connect ETIMEDOUT 59.110.91.170:80
[2017-08-14 10:48:56.548] [ERROR] E:\sass\saas-front-core\Client\logs - Error: connect ETIMEDOUT 59.110.91.170:80
    at Object.exports._errnoException (util.js:1020:11)
    at exports._exceptionWithHostPort (util.js:1043:20)
    at TCPConnectWrap.afterConnect [as oncomplete] (net.js:1086:14)
[2017-08-14 10:48:56.548] [ERROR] E:\sass\saas-front-core\Client\logs - 2017-8-14 10:48:56 uncaughtException: socket hang up
[2017-08-14 10:48:56.548] [ERROR] E:\sass\saas-front-core\Client\logs - Error: socket hang up
    at createHangUpError (_http_client.js:254:15)
    at Socket.socketCloseListener (_http_client.js:286:23)
    at emitOne (events.js:101:20)
    at Socket.emit (events.js:188:7)
    at TCP._handle.close [as _onclose] (net.js:497:12)
[2017-08-14 10:48:56.813] [ERROR] E:\sass\saas-front-core\Client\logs - 2017-8-14 10:48:56 uncaughtException: connect ETIMEDOUT 47.93.167.86:80
[2017-08-14 10:48:56.813] [ERROR] E:\sass\saas-front-core\Client\logs - Error: connect ETIMEDOUT 47.93.167.86:80
    at Object.exports._errnoException (util.js:1020:11)
    at exports._exceptionWithHostPort (util.js:1043:20)
    at TCPConnectWrap.afterConnect [as oncomplete] (net.js:1086:14)
[2017-08-14 10:48:56.813] [ERROR] E:\sass\saas-front-core\Client\logs - 2017-8-14 10:48:56 uncaughtException: socket hang up
[2017-08-14 10:48:56.813] [ERROR] E:\sass\saas-front-core\Client\logs - Error: socket hang up
    at createHangUpError (_http_client.js:254:15)
    at Socket.socketCloseListener (_http_client.js:286:23)
    at emitOne (events.js:101:20)
    at Socket.emit (events.js:188:7)
    at TCP._handle.close [as _onclose] (net.js:497:12)
[2017-08-14 10:48:56.813] [ERROR] E:\sass\saas-front-core\Client\logs - 2017-8-14 10:48:56 uncaughtException: connect ETIMEDOUT 47.93.167.86:80
[2017-08-14 10:48:56.813] [ERROR] E:\sass\saas-front-core\Client\logs - Error: connect ETIMEDOUT 47.93.167.86:80
    at Object.exports._errnoException (util.js:1020:11)
    at exports._exceptionWithHostPort (util.js:1043:20)
    at TCPConnectWrap.afterConnect [as oncomplete] (net.js:1086:14)
[2017-08-14 10:48:56.813] [ERROR] E:\sass\saas-front-core\Client\logs - 2017-8-14 10:48:56 uncaughtException: socket hang up
[2017-08-14 10:48:56.813] [ERROR] E:\sass\saas-front-core\Client\logs - Error: socket hang up
    at createHangUpError (_http_client.js:254:15)
    at Socket.socketCloseListener (_http_client.js:286:23)
    at emitOne (events.js:101:20)
    at Socket.emit (events.js:188:7)
    at TCP._handle.close [as _onclose] (net.js:497:12)
[2017-08-14 10:50:03.779] [ERROR] E:\sass\saas-front-core\Client\logs - 2017-8-14 10:50:03 uncaughtException: connect ETIMEDOUT 59.110.91.170:80
[2017-08-14 10:50:03.780] [ERROR] E:\sass\saas-front-core\Client\logs - Error: connect ETIMEDOUT 59.110.91.170:80
    at Object.exports._errnoException (util.js:1020:11)
    at exports._exceptionWithHostPort (util.js:1043:20)
    at TCPConnectWrap.afterConnect [as oncomplete] (net.js:1086:14)
[2017-08-14 10:50:03.781] [ERROR] E:\sass\saas-front-core\Client\logs - 2017-8-14 10:50:03 uncaughtException: socket hang up
[2017-08-14 10:50:03.781] [ERROR] E:\sass\saas-front-core\Client\logs - Error: socket hang up
    at createHangUpError (_http_client.js:254:15)
    at Socket.socketCloseListener (_http_client.js:286:23)
    at emitOne (events.js:101:20)
    at Socket.emit (events.js:188:7)
    at TCP._handle.close [as _onclose] (net.js:497:12)
[2017-08-14 10:50:04.034] [ERROR] E:\sass\saas-front-core\Client\logs - 2017-8-14 10:50:04 uncaughtException: connect ETIMEDOUT 47.93.167.86:80
[2017-08-14 10:50:04.036] [ERROR] E:\sass\saas-front-core\Client\logs - Error: connect ETIMEDOUT 47.93.167.86:80
    at Object.exports._errnoException (util.js:1020:11)
    at exports._exceptionWithHostPort (util.js:1043:20)
    at TCPConnectWrap.afterConnect [as oncomplete] (net.js:1086:14)
[2017-08-14 10:50:04.036] [ERROR] E:\sass\saas-front-core\Client\logs - 2017-8-14 10:50:04 uncaughtException: socket hang up
[2017-08-14 10:50:04.037] [ERROR] E:\sass\saas-front-core\Client\logs - Error: socket hang up
    at createHangUpError (_http_client.js:254:15)
    at Socket.socketCloseListener (_http_client.js:286:23)
    at emitOne (events.js:101:20)
    at Socket.emit (events.js:188:7)
    at TCP._handle.close [as _onclose] (net.js:497:12)
[2017-08-14 10:50:04.040] [ERROR] E:\sass\saas-front-core\Client\logs - 2017-8-14 10:50:04 uncaughtException: connect ETIMEDOUT 47.93.167.86:80
[2017-08-14 10:50:04.041] [ERROR] E:\sass\saas-front-core\Client\logs - Error: connect ETIMEDOUT 47.93.167.86:80
    at Object.exports._errnoException (util.js:1020:11)
    at exports._exceptionWithHostPort (util.js:1043:20)
    at TCPConnectWrap.afterConnect [as oncomplete] (net.js:1086:14)
[2017-08-14 10:50:04.042] [ERROR] E:\sass\saas-front-core\Client\logs - 2017-8-14 10:50:04 uncaughtException: socket hang up
[2017-08-14 10:50:04.042] [ERROR] E:\sass\saas-front-core\Client\logs - Error: socket hang up
    at createHangUpError (_http_client.js:254:15)
    at Socket.socketCloseListener (_http_client.js:286:23)
    at emitOne (events.js:101:20)
    at Socket.emit (events.js:188:7)
    at TCP._handle.close [as _onclose] (net.js:497:12)
[2017-08-14 10:50:12.025] [ERROR] E:\sass\saas-front-core\Client\logs - 2017-8-14 10:50:12 uncaughtException: connect ETIMEDOUT 59.110.91.170:80
[2017-08-14 10:50:12.025] [ERROR] E:\sass\saas-front-core\Client\logs - Error: connect ETIMEDOUT 59.110.91.170:80
    at Object.exports._errnoException (util.js:1020:11)
    at exports._exceptionWithHostPort (util.js:1043:20)
    at TCPConnectWrap.afterConnect [as oncomplete] (net.js:1086:14)
[2017-08-14 10:50:12.025] [ERROR] E:\sass\saas-front-core\Client\logs - 2017-8-14 10:50:12 uncaughtException: socket hang up
[2017-08-14 10:50:12.025] [ERROR] E:\sass\saas-front-core\Client\logs - Error: socket hang up
    at createHangUpError (_http_client.js:254:15)
    at Socket.socketCloseListener (_http_client.js:286:23)
    at emitOne (events.js:101:20)
    at Socket.emit (events.js:188:7)
    at TCP._handle.close [as _onclose] (net.js:497:12)
[2017-08-14 10:50:12.290] [ERROR] E:\sass\saas-front-core\Client\logs - 2017-8-14 10:50:12 uncaughtException: connect ETIMEDOUT 47.93.167.86:80
[2017-08-14 10:50:12.290] [ERROR] E:\sass\saas-front-core\Client\logs - Error: connect ETIMEDOUT 47.93.167.86:80
    at Object.exports._errnoException (util.js:1020:11)
    at exports._exceptionWithHostPort (util.js:1043:20)
    at TCPConnectWrap.afterConnect [as oncomplete] (net.js:1086:14)
[2017-08-14 10:50:12.290] [ERROR] E:\sass\saas-front-core\Client\logs - 2017-8-14 10:50:12 uncaughtException: socket hang up
[2017-08-14 10:50:12.290] [ERROR] E:\sass\saas-front-core\Client\logs - Error: socket hang up
    at createHangUpError (_http_client.js:254:15)
    at Socket.socketCloseListener (_http_client.js:286:23)
    at emitOne (events.js:101:20)
    at Socket.emit (events.js:188:7)
    at TCP._handle.close [as _onclose] (net.js:497:12)
[2017-08-14 10:50:12.290] [ERROR] E:\sass\saas-front-core\Client\logs - 2017-8-14 10:50:12 uncaughtException: connect ETIMEDOUT 47.93.167.86:80
[2017-08-14 10:50:12.290] [ERROR] E:\sass\saas-front-core\Client\logs - Error: connect ETIMEDOUT 47.93.167.86:80
    at Object.exports._errnoException (util.js:1020:11)
    at exports._exceptionWithHostPort (util.js:1043:20)
    at TCPConnectWrap.afterConnect [as oncomplete] (net.js:1086:14)
[2017-08-14 10:50:12.290] [ERROR] E:\sass\saas-front-core\Client\logs - 2017-8-14 10:50:12 uncaughtException: socket hang up
[2017-08-14 10:50:12.290] [ERROR] E:\sass\saas-front-core\Client\logs - Error: socket hang up
    at createHangUpError (_http_client.js:254:15)
    at Socket.socketCloseListener (_http_client.js:286:23)
    at emitOne (events.js:101:20)
    at Socket.emit (events.js:188:7)
    at TCP._handle.close [as _onclose] (net.js:497:12)
[2017-08-14 10:50:26.225] [ERROR] E:\sass\saas-front-core\Client\logs - 2017-8-14 10:50:26 uncaughtException: connect ETIMEDOUT 59.110.91.170:80
[2017-08-14 10:50:26.225] [ERROR] E:\sass\saas-front-core\Client\logs - Error: connect ETIMEDOUT 59.110.91.170:80
    at Object.exports._errnoException (util.js:1020:11)
    at exports._exceptionWithHostPort (util.js:1043:20)
    at TCPConnectWrap.afterConnect [as oncomplete] (net.js:1086:14)
[2017-08-14 10:50:26.225] [ERROR] E:\sass\saas-front-core\Client\logs - 2017-8-14 10:50:26 uncaughtException: socket hang up
[2017-08-14 10:50:26.225] [ERROR] E:\sass\saas-front-core\Client\logs - Error: socket hang up
    at createHangUpError (_http_client.js:254:15)
    at Socket.socketCloseListener (_http_client.js:286:23)
    at emitOne (events.js:101:20)
    at Socket.emit (events.js:188:7)
    at TCP._handle.close [as _onclose] (net.js:497:12)
[2017-08-14 10:50:26.568] [ERROR] E:\sass\saas-front-core\Client\logs - 2017-8-14 10:50:26 uncaughtException: connect ETIMEDOUT 47.93.167.86:80
[2017-08-14 10:50:26.568] [ERROR] E:\sass\saas-front-core\Client\logs - Error: connect ETIMEDOUT 47.93.167.86:80
    at Object.exports._errnoException (util.js:1020:11)
    at exports._exceptionWithHostPort (util.js:1043:20)
    at TCPConnectWrap.afterConnect [as oncomplete] (net.js:1086:14)
[2017-08-14 10:50:26.568] [ERROR] E:\sass\saas-front-core\Client\logs - 2017-8-14 10:50:26 uncaughtException: connect ETIMEDOUT 47.93.167.86:80
[2017-08-14 10:50:26.568] [ERROR] E:\sass\saas-front-core\Client\logs - Error: connect ETIMEDOUT 47.93.167.86:80
    at Object.exports._errnoException (util.js:1020:11)
    at exports._exceptionWithHostPort (util.js:1043:20)
    at TCPConnectWrap.afterConnect [as oncomplete] (net.js:1086:14)
[2017-08-14 10:50:26.568] [ERROR] E:\sass\saas-front-core\Client\logs - 2017-8-14 10:50:26 uncaughtException: socket hang up
[2017-08-14 10:50:26.568] [ERROR] E:\sass\saas-front-core\Client\logs - Error: socket hang up
    at createHangUpError (_http_client.js:254:15)
    at Socket.socketCloseListener (_http_client.js:286:23)
    at emitOne (events.js:101:20)
    at Socket.emit (events.js:188:7)
    at TCP._handle.close [as _onclose] (net.js:497:12)
[2017-08-14 10:50:26.568] [ERROR] E:\sass\saas-front-core\Client\logs - 2017-8-14 10:50:26 uncaughtException: socket hang up
[2017-08-14 10:50:26.568] [ERROR] E:\sass\saas-front-core\Client\logs - Error: socket hang up
    at createHangUpError (_http_client.js:254:15)
    at Socket.socketCloseListener (_http_client.js:286:23)
    at emitOne (events.js:101:20)
    at Socket.emit (events.js:188:7)
    at TCP._handle.close [as _onclose] (net.js:497:12)
