[2017-08-13 17:38:18.780] [ERROR] /Users/data/projects/sass-front/Client/logs - 2017-8-13 17:38:18 uncaughtException: socket hang up
[2017-08-13 17:38:18.782] [ERROR] /Users/data/projects/sass-front/Client/logs - Error: socket hang up
    at createHangUpError (_http_client.js:253:15)
    at Socket.socketOnEnd (_http_client.js:345:23)
    at emitNone (events.js:91:20)
    at Socket.emit (events.js:185:7)
    at endReadableNT (_stream_readable.js:974:12)
    at _combinedTickCallback (internal/process/next_tick.js:80:11)
    at process._tickCallback (internal/process/next_tick.js:104:9)
[2017-08-13 17:38:18.782] [ERROR] /Users/data/projects/sass-front/Client/logs - 2017-8-13 17:38:18 uncaughtException: socket hang up
[2017-08-13 17:38:18.783] [ERROR] /Users/data/projects/sass-front/Client/logs - Error: socket hang up
    at createHangUpError (_http_client.js:253:15)
    at Socket.socketCloseListener (_http_client.js:285:23)
    at emitOne (events.js:101:20)
    at Socket.emit (events.js:188:7)
    at TCP._handle.close [as _onclose] (net.js:497:12)
[2017-08-13 17:38:23.196] [ERROR] /Users/data/projects/sass-front/Client/logs - 2017-8-13 17:38:23 uncaughtException: socket hang up
[2017-08-13 17:38:23.197] [ERROR] /Users/data/projects/sass-front/Client/logs - Error: socket hang up
    at createHangUpError (_http_client.js:253:15)
    at Socket.socketOnEnd (_http_client.js:345:23)
    at emitNone (events.js:91:20)
    at Socket.emit (events.js:185:7)
    at endReadableNT (_stream_readable.js:974:12)
    at _combinedTickCallback (internal/process/next_tick.js:80:11)
    at process._tickCallback (internal/process/next_tick.js:104:9)
[2017-08-13 17:38:23.197] [ERROR] /Users/data/projects/sass-front/Client/logs - 2017-8-13 17:38:23 uncaughtException: socket hang up
[2017-08-13 17:38:23.198] [ERROR] /Users/data/projects/sass-front/Client/logs - Error: socket hang up
    at createHangUpError (_http_client.js:253:15)
    at Socket.socketCloseListener (_http_client.js:285:23)
    at emitOne (events.js:101:20)
    at Socket.emit (events.js:188:7)
    at TCP._handle.close [as _onclose] (net.js:497:12)
