[2017-08-15 04:28:12.153] [ERROR] E:\sass\saas-front-core\Client\logs - 2017-8-15 04:28:12 uncaughtException: connect ETIMEDOUT 172.16.1.172:8080
[2017-08-15 04:28:12.155] [ERROR] E:\sass\saas-front-core\Client\logs - Error: connect ETIMEDOUT 172.16.1.172:8080
    at Object.exports._errnoException (util.js:1020:11)
    at exports._exceptionWithHostPort (util.js:1043:20)
    at TCPConnectWrap.afterConnect [as oncomplete] (net.js:1086:14)
[2017-08-15 04:28:12.157] [ERROR] E:\sass\saas-front-core\Client\logs - 2017-8-15 04:28:12 uncaughtException: socket hang up
[2017-08-15 04:28:12.158] [ERROR] E:\sass\saas-front-core\Client\logs - Error: socket hang up
    at createHangUpError (_http_client.js:254:15)
    at Socket.socketCloseListener (_http_client.js:286:23)
    at emitOne (events.js:101:20)
    at Socket.emit (events.js:188:7)
    at TCP._handle.close [as _onclose] (net.js:497:12)
[2017-08-15 04:28:12.172] [ERROR] E:\sass\saas-front-core\Client\logs - 2017-8-15 04:28:12 uncaughtException: connect ETIMEDOUT 172.16.1.172:8080
[2017-08-15 04:28:12.181] [ERROR] E:\sass\saas-front-core\Client\logs - Error: connect ETIMEDOUT 172.16.1.172:8080
    at Object.exports._errnoException (util.js:1020:11)
    at exports._exceptionWithHostPort (util.js:1043:20)
    at TCPConnectWrap.afterConnect [as oncomplete] (net.js:1086:14)
[2017-08-15 04:28:12.182] [ERROR] E:\sass\saas-front-core\Client\logs - 2017-8-15 04:28:12 uncaughtException: socket hang up
[2017-08-15 04:28:12.183] [ERROR] E:\sass\saas-front-core\Client\logs - Error: socket hang up
    at createHangUpError (_http_client.js:254:15)
    at Socket.socketCloseListener (_http_client.js:286:23)
    at emitOne (events.js:101:20)
    at Socket.emit (events.js:188:7)
    at TCP._handle.close [as _onclose] (net.js:497:12)
[2017-08-15 04:34:13.886] [ERROR] E:\sass\saas-front-core\Client\logs - 2017-8-15 04:34:13 uncaughtException: listen EADDRINUSE :::9091
[2017-08-15 04:34:13.888] [ERROR] E:\sass\saas-front-core\Client\logs - Error: listen EADDRINUSE :::9091
    at Object.exports._errnoException (util.js:1020:11)
    at exports._exceptionWithHostPort (util.js:1043:20)
    at Server._listen2 (net.js:1258:14)
    at listen (net.js:1294:10)
    at Server.listen (net.js:1390:5)
    at Function.app.listen (E:\sass\saas-front-core\Server\node_modules\express\lib\application.js:555:24)
    at startServer (E:\sass\saas-front-core\Server\controller\server.js:118:7)
    at Object.module.exports.init (E:\sass\saas-front-core\Server\controller\server.js:205:3)
    at Object.module.exports.start (E:\sass\saas-front-core\Server\server.js:18:10)
    at third (E:\sass\saas-front-core\Server\tasks\task.watch.js:59:12)
