[2017-08-15 15:39:27.385] [ERROR] E:\sass\saas-front-core\Client\logs - 2017-8-15 15:39:27 uncaughtException: connect ETIMEDOUT 172.16.1.172:8080
[2017-08-15 15:39:27.387] [ERROR] E:\sass\saas-front-core\Client\logs - Error: connect ETIMEDOUT 172.16.1.172:8080
    at Object.exports._errnoException (util.js:1020:11)
    at exports._exceptionWithHostPort (util.js:1043:20)
    at TCPConnectWrap.afterConnect [as oncomplete] (net.js:1086:14)
[2017-08-15 15:39:27.389] [ERROR] E:\sass\saas-front-core\Client\logs - 2017-8-15 15:39:27 uncaughtException: socket hang up
[2017-08-15 15:39:27.389] [ERROR] E:\sass\saas-front-core\Client\logs - Error: socket hang up
    at createHangUpError (_http_client.js:254:15)
    at Socket.socketCloseListener (_http_client.js:286:23)
    at emitOne (events.js:101:20)
    at Socket.emit (events.js:188:7)
    at TCP._handle.close [as _onclose] (net.js:497:12)
[2017-08-15 15:39:37.009] [ERROR] E:\sass\saas-front-core\Client\logs - 2017-8-15 15:39:37 uncaughtException: connect ETIMEDOUT 172.16.1.172:8080
[2017-08-15 15:39:37.010] [ERROR] E:\sass\saas-front-core\Client\logs - Error: connect ETIMEDOUT 172.16.1.172:8080
    at Object.exports._errnoException (util.js:1020:11)
    at exports._exceptionWithHostPort (util.js:1043:20)
    at TCPConnectWrap.afterConnect [as oncomplete] (net.js:1086:14)
[2017-08-15 15:39:37.010] [ERROR] E:\sass\saas-front-core\Client\logs - 2017-8-15 15:39:37 uncaughtException: socket hang up
[2017-08-15 15:39:37.010] [ERROR] E:\sass\saas-front-core\Client\logs - Error: socket hang up
    at createHangUpError (_http_client.js:254:15)
    at Socket.socketCloseListener (_http_client.js:286:23)
    at emitOne (events.js:101:20)
    at Socket.emit (events.js:188:7)
    at TCP._handle.close [as _onclose] (net.js:497:12)
[2017-08-15 15:40:34.810] [ERROR] E:\sass\saas-front-core\Client\logs - 2017-8-15 15:40:34 uncaughtException: connect ETIMEDOUT 172.16.1.172:8080
[2017-08-15 15:40:34.813] [ERROR] E:\sass\saas-front-core\Client\logs - Error: connect ETIMEDOUT 172.16.1.172:8080
    at Object.exports._errnoException (util.js:1020:11)
    at exports._exceptionWithHostPort (util.js:1043:20)
    at TCPConnectWrap.afterConnect [as oncomplete] (net.js:1086:14)
[2017-08-15 15:40:34.814] [ERROR] E:\sass\saas-front-core\Client\logs - 2017-8-15 15:40:34 uncaughtException: socket hang up
[2017-08-15 15:40:34.815] [ERROR] E:\sass\saas-front-core\Client\logs - Error: socket hang up
    at createHangUpError (_http_client.js:254:15)
    at Socket.socketCloseListener (_http_client.js:286:23)
    at emitOne (events.js:101:20)
    at Socket.emit (events.js:188:7)
    at TCP._handle.close [as _onclose] (net.js:497:12)
[2017-08-15 15:40:34.816] [ERROR] E:\sass\saas-front-core\Client\logs - 2017-8-15 15:40:34 uncaughtException: connect ETIMEDOUT 172.16.1.172:8080
[2017-08-15 15:40:34.816] [ERROR] E:\sass\saas-front-core\Client\logs - Error: connect ETIMEDOUT 172.16.1.172:8080
    at Object.exports._errnoException (util.js:1020:11)
    at exports._exceptionWithHostPort (util.js:1043:20)
    at TCPConnectWrap.afterConnect [as oncomplete] (net.js:1086:14)
[2017-08-15 15:40:34.817] [ERROR] E:\sass\saas-front-core\Client\logs - 2017-8-15 15:40:34 uncaughtException: socket hang up
[2017-08-15 15:40:34.818] [ERROR] E:\sass\saas-front-core\Client\logs - Error: socket hang up
    at createHangUpError (_http_client.js:254:15)
    at Socket.socketCloseListener (_http_client.js:286:23)
    at emitOne (events.js:101:20)
    at Socket.emit (events.js:188:7)
    at TCP._handle.close [as _onclose] (net.js:497:12)
[2017-08-15 15:40:43.809] [ERROR] E:\sass\saas-front-core\Client\logs - 2017-8-15 15:40:43 uncaughtException: connect ETIMEDOUT 172.16.1.172:8080
[2017-08-15 15:40:43.810] [ERROR] E:\sass\saas-front-core\Client\logs - Error: connect ETIMEDOUT 172.16.1.172:8080
    at Object.exports._errnoException (util.js:1020:11)
    at exports._exceptionWithHostPort (util.js:1043:20)
    at TCPConnectWrap.afterConnect [as oncomplete] (net.js:1086:14)
[2017-08-15 15:40:43.811] [ERROR] E:\sass\saas-front-core\Client\logs - 2017-8-15 15:40:43 uncaughtException: socket hang up
[2017-08-15 15:40:43.811] [ERROR] E:\sass\saas-front-core\Client\logs - Error: socket hang up
    at createHangUpError (_http_client.js:254:15)
    at Socket.socketCloseListener (_http_client.js:286:23)
    at emitOne (events.js:101:20)
    at Socket.emit (events.js:188:7)
    at TCP._handle.close [as _onclose] (net.js:497:12)
